<?xml version="1.0" encoding="UTF-8"?>
<!-- Generated by org.testng.reporters.JUnitReportReporter -->
<testsuite skipped="0" hostname="DESKTOP-TA6EE9O" name="com.dockerz.MyDocker.StartDockerHub" tests="1" failures="0" timestamp="02 May 2020 10:09:15 GMT" time="52.340" errors="0">
  <testcase name="launchDocker" time="52.340" classname="com.dockerz.MyDocker.StartDockerHub"/>
</testsuite> <!-- com.dockerz.MyDocker.StartDockerHub -->
