<?xml version="1.0" encoding="UTF-8"?>
<!-- Generated by org.testng.reporters.JUnitReportReporter -->
<testsuite skipped="0" hostname="DESKTOP-TA6EE9O" name="com.dockerz.MyDocker.ChromeStandAloneTest" tests="1" failures="0" timestamp="03 May 2020 08:26:51 GMT" time="17.158" errors="0">
  <testcase name="getGoogle" time="17.158" classname="com.dockerz.MyDocker.ChromeStandAloneTest"/>
</testsuite> <!-- com.dockerz.MyDocker.ChromeStandAloneTest -->
