<?xml version="1.0" encoding="UTF-8"?>
<!-- Generated by org.testng.reporters.JUnitReportReporter -->
<testsuite skipped="0" hostname="DESKTOP-TA6EE9O" name="com.dockerz.MyDocker.ChromeStandAloneTest2" tests="1" failures="0" timestamp="03 May 2020 08:26:51 GMT" time="28.574" errors="0">
  <testcase name="getGoogle" time="28.574" classname="com.dockerz.MyDocker.ChromeStandAloneTest2"/>
</testsuite> <!-- com.dockerz.MyDocker.ChromeStandAloneTest2 -->
